<?xml version="1.0" encoding="UTF-8"?>
<testsuite xmlns:xsi="http://www.w3.org/2001/XMLSchema-instance" xsi:noNamespaceSchemaLocation="https://maven.apache.org/surefire/maven-surefire-plugin/xsd/surefire-test-report-3.0.xsd" version="3.0" name="com.dkmo.living_chatting.LivingChattingApplicationTests" time="15.337" tests="1" errors="0" skipped="0" failures="0">
  <properties>
[...]
</properties>
  <testcase name="contextLoads" classname="com.dkmo.living_chatting.LivingChattingApplicationTests" time="4.143">
    <system-out><![CDATA[16:55:29.875 [main] INFO org.springframework.test.context.support.AnnotationConfigContextLoaderUtils -- Could not detect default configuration classes for test class [com.dkmo.living_chatting.LivingChattingApplicationTests]: LivingChattingApplicationTests does not declare any static, non-private, non-final, nested classes annotated with @Configuration.
16:55:30.564 [main] INFO org.springframework.boot.test.context.SpringBootTestContextBootstrapper -- Found @SpringBootConfiguration com.dkmo.living_chatting.LivingChattingApplication for test class com.dkmo.living_chatting.LivingChattingApplicationTests

  .   ____          _            __ _ _
 /\\ / ___'_ __ _ _(_)_ __  __ _ \ \ \ \
( ( )\___ | '_ | '_| | '_ \/ _` | \ \ \ \
 \\/  ___)| |_)| | | | | || (_| |  ) ) ) )
  '  |____| .__|_| |_|_| |_\__, | / / / /
 =========|_|==============|___/=/_/_/_/

 :: Spring Boot ::                (v3.3.4)

2025-09-06T16:55:33.029Z  INFO 9020 --- [living-chatting] [           main] c.d.l.LivingChattingApplicationTests     : Starting LivingChattingApplicationTests using Java 21.0.6 with PID 9020 (started by root in /root/Documents/living-chatting)
2025-09-06T16:55:33.035Z  INFO 9020 --- [living-chatting] [           main] c.d.l.LivingChattingApplicationTests     : No active profile set, falling back to 1 default profile: "default"
2025-09-06T16:55:38.999Z  INFO 9020 --- [living-chatting] [           main] o.s.b.a.w.s.WelcomePageHandlerMapping    : Adding welcome page: class path resource [static/index.html]
2025-09-06T16:55:39.886Z  INFO 9020 --- [living-chatting] [           main] o.s.m.s.b.SimpleBrokerMessageHandler     : Starting...
2025-09-06T16:55:39.896Z  INFO 9020 --- [living-chatting] [           main] o.s.m.s.b.SimpleBrokerMessageHandler     : BrokerAvailabilityEvent[available=true, SimpleBrokerMessageHandler [org.springframework.messaging.simp.broker.DefaultSubscriptionRegistry@7885776b]]
2025-09-06T16:55:39.902Z  INFO 9020 --- [living-chatting] [           main] o.s.m.s.b.SimpleBrokerMessageHandler     : Started.
2025-09-06T16:55:39.920Z  INFO 9020 --- [living-chatting] [           main] c.d.l.LivingChattingApplicationTests     : Started LivingChattingApplicationTests in 8.315 seconds (process running for 13.472)
]]></system-out>
    <system-err><![CDATA[WARNING: A Java agent has been loaded dynamically (/root/.m2/repository/net/bytebuddy/byte-buddy-agent/1.14.19/byte-buddy-agent-1.14.19.jar)
WARNING: If a serviceability tool is in use, please run with -XX:+EnableDynamicAgentLoading to hide this warning
WARNING: If a serviceability tool is not in use, please run with -Djdk.instrument.traceUsage for more information
WARNING: Dynamic loading of agents will be disallowed by default in a future release
]]></system-err>
  </testcase>
</testsuite>