<?xml version="1.0" encoding="UTF-8"?>
<testsuite xmlns:xsi="http://www.w3.org/2001/XMLSchema-instance" xsi:noNamespaceSchemaLocation="https://maven.apache.org/surefire/maven-surefire-plugin/xsd/surefire-test-report.xsd" version="3.0.2" name="com.dkmo.living_chatting.LivingChattingApplicationTests" time="11.299" tests="1" errors="0" skipped="0" failures="0">
  <properties>
[...]
</properties>
  <testcase name="contextLoads" classname="com.dkmo.living_chatting.LivingChattingApplicationTests" time="1.906">
    <system-out><![CDATA[11:40:34.365 [main] INFO org.springframework.test.context.support.AnnotationConfigContextLoaderUtils -- Could not detect default configuration classes for test class [com.dkmo.living_chatting.LivingChattingApplicationTests]: LivingChattingApplicationTests does not declare any static, non-private, non-final, nested classes annotated with @Configuration.
11:40:34.812 [main] INFO org.springframework.boot.test.context.SpringBootTestContextBootstrapper -- Found @SpringBootConfiguration com.dkmo.living_chatting.LivingChattingApplication for test class com.dkmo.living_chatting.LivingChattingApplicationTests

  .   ____          _            __ _ _
 /\\ / ___'_ __ _ _(_)_ __  __ _ \ \ \ \
( ( )\___ | '_ | '_| | '_ \/ _` | \ \ \ \
 \\/  ___)| |_)| | | | | || (_| |  ) ) ) )
  '  |____| .__|_| |_|_| |_\__, | / / / /
 =========|_|==============|___/=/_/_/_/

 :: Spring Boot ::                (v3.5.6)

2025-11-18T11:40:36.166Z  INFO 31077 --- [living-chatting] [           main] c.d.l.LivingChattingApplicationTests     : Starting LivingChattingApplicationTests using Java 21.0.9 with PID 31077 (started by u0_a399 in /data/data/com.termux/files/home/living-chatting)
2025-11-18T11:40:36.170Z  INFO 31077 --- [living-chatting] [           main] c.d.l.LivingChattingApplicationTests     : No active profile set, falling back to 1 default profile: "default"
2025-11-18T11:40:38.192Z  INFO 31077 --- [living-chatting] [           main] .s.d.r.c.RepositoryConfigurationDelegate : Bootstrapping Spring Data MongoDB repositories in DEFAULT mode.
2025-11-18T11:40:38.349Z  INFO 31077 --- [living-chatting] [           main] .s.d.r.c.RepositoryConfigurationDelegate : Finished Spring Data repository scanning in 141 ms. Found 2 MongoDB repository interfaces.
2025-11-18T11:40:39.788Z  INFO 31077 --- [living-chatting] [spj.mongodb.net] org.mongodb.driver.cluster               : Adding discovered server ac-140jzuw-shard-00-02.excnspj.mongodb.net:27017 to client view of cluster
2025-11-18T11:40:39.844Z  INFO 31077 --- [living-chatting] [           main] org.mongodb.driver.client                : MongoClient with metadata {"driver": {"name": "mongo-java-driver|sync|spring-boot", "version": "5.5.1"}, "os": {"type": "Linux", "name": "Linux", "architecture": "aarch64", "version": "5.10.226-android12-9-31117096"}, "platform": "Java/Termux/21.0.9"} created with settings MongoClientSettings{readPreference=primary, writeConcern=WriteConcern{w=majority, wTimeout=null ms, journal=null}, retryWrites=true, retryReads=true, readConcern=ReadConcern{level=null}, credential=MongoCredential{mechanism=null, userName='danilokelvemeireles45_db_user', source='admin', password=<hidden>, mechanismProperties=<hidden>}, transportSettings=null, commandListeners=[], codecRegistry=ProvidersCodecRegistry{codecProviders=[ValueCodecProvider{}, BsonValueCodecProvider{}, DBRefCodecProvider{}, DBObjectCodecProvider{}, DocumentCodecProvider{}, CollectionCodecProvider{}, IterableCodecProvider{}, MapCodecProvider{}, GeoJsonCodecProvider{}, GridFSFileCodecProvider{}, Jsr310CodecProvider{}, JsonObjectCodecProvider{}, BsonCodecProvider{}, EnumCodecProvider{}, com.mongodb.client.model.mql.ExpressionCodecProvider@27a6fef2, com.mongodb.Jep395RecordCodecProvider@7fe8c7db, com.mongodb.KotlinCodecProvider@2dba05b1]}, loggerSettings=LoggerSettings{maxDocumentLength=1000}, clusterSettings={hosts=[127.0.0.1:27017], srvHost=cluster0.excnspj.mongodb.net, srvServiceName=mongodb, mode=MULTIPLE, requiredClusterType=REPLICA_SET, requiredReplicaSetName='atlas-wnlseb-shard-0', serverSelector='null', clusterListeners='[]', serverSelectionTimeout='30000 ms', localThreshold='15 ms'}, socketSettings=SocketSettings{connectTimeoutMS=10000, readTimeoutMS=0, receiveBufferSize=0, proxySettings=ProxySettings{host=null, port=null, username=null, password=null}}, heartbeatSocketSettings=SocketSettings{connectTimeoutMS=10000, readTimeoutMS=10000, receiveBufferSize=0, proxySettings=ProxySettings{host=null, port=null, username=null, password=null}}, connectionPoolSettings=ConnectionPoolSettings{maxSize=100, minSize=0, maxWaitTimeMS=120000, maxConnectionLifeTimeMS=0, maxConnectionIdleTimeMS=0, maintenanceInitialDelayMS=0, maintenanceFrequencyMS=60000, connectionPoolListeners=[], maxConnecting=2}, serverSettings=ServerSettings{heartbeatFrequencyMS=10000, minHeartbeatFrequencyMS=500, serverMonitoringMode=AUTO, serverListeners='[]', serverMonitorListeners='[]'}, sslSettings=SslSettings{enabled=true, invalidHostNameAllowed=false, context=null}, applicationName='null', compressorList=[], uuidRepresentation=JAVA_LEGACY, serverApi=null, autoEncryptionSettings=null, dnsClient=null, inetAddressResolver=null, contextProvider=null, timeoutMS=null}
2025-11-18T11:40:39.883Z  INFO 31077 --- [living-chatting] [spj.mongodb.net] org.mongodb.driver.cluster               : Adding discovered server ac-140jzuw-shard-00-00.excnspj.mongodb.net:27017 to client view of cluster
2025-11-18T11:40:39.890Z  INFO 31077 --- [living-chatting] [spj.mongodb.net] org.mongodb.driver.cluster               : Adding discovered server ac-140jzuw-shard-00-01.excnspj.mongodb.net:27017 to client view of cluster
2025-11-18T11:40:41.555Z  INFO 31077 --- [living-chatting] [ngodb.net:27017] org.mongodb.driver.cluster               : Monitor thread successfully connected to server with description ServerDescription{address=ac-140jzuw-shard-00-01.excnspj.mongodb.net:27017, type=REPLICA_SET_PRIMARY, cryptd=false, state=CONNECTED, ok=true, minWireVersion=0, maxWireVersion=25, maxDocumentSize=16777216, logicalSessionTimeoutMinutes=30, roundTripTimeNanos=850112000, minRoundTripTimeNanos=0, setName='atlas-wnlseb-shard-0', canonicalAddress=ac-140jzuw-shard-00-01.excnspj.mongodb.net:27017, hosts=[ac-140jzuw-shard-00-00.excnspj.mongodb.net:27017, ac-140jzuw-shard-00-01.excnspj.mongodb.net:27017, ac-140jzuw-shard-00-02.excnspj.mongodb.net:27017], passives=[], arbiters=[], primary='ac-140jzuw-shard-00-01.excnspj.mongodb.net:27017', tagSet=TagSet{[Tag{name='availabilityZone', value='sae1-az3'}, Tag{name='diskState', value='READY'}, Tag{name='nodeType', value='ELECTABLE'}, Tag{name='provider', value='AWS'}, Tag{name='region', value='SA_EAST_1'}, Tag{name='workloadType', value='OPERATIONAL'}]}, electionId=7fffffff0000000000000137, setVersion=129, topologyVersion=TopologyVersion{processId=691b7673e5fcf3198901d32f, counter=6}, lastWriteDate=Tue Nov 18 11:40:41 GMT 2025, lastUpdateTimeNanos=485277570933846}
2025-11-18T11:40:41.555Z  INFO 31077 --- [living-chatting] [ngodb.net:27017] org.mongodb.driver.cluster               : Monitor thread successfully connected to server with description ServerDescription{address=ac-140jzuw-shard-00-00.excnspj.mongodb.net:27017, type=REPLICA_SET_SECONDARY, cryptd=false, state=CONNECTED, ok=true, minWireVersion=0, maxWireVersion=25, maxDocumentSize=16777216, logicalSessionTimeoutMinutes=30, roundTripTimeNanos=849995923, minRoundTripTimeNanos=0, setName='atlas-wnlseb-shard-0', canonicalAddress=ac-140jzuw-shard-00-00.excnspj.mongodb.net:27017, hosts=[ac-140jzuw-shard-00-00.excnspj.mongodb.net:27017, ac-140jzuw-shard-00-01.excnspj.mongodb.net:27017, ac-140jzuw-shard-00-02.excnspj.mongodb.net:27017], passives=[], arbiters=[], primary='ac-140jzuw-shard-00-01.excnspj.mongodb.net:27017', tagSet=TagSet{[Tag{name='availabilityZone', value='sae1-az1'}, Tag{name='diskState', value='READY'}, Tag{name='nodeType', value='ELECTABLE'}, Tag{name='provider', value='AWS'}, Tag{name='region', value='SA_EAST_1'}, Tag{name='workloadType', value='OPERATIONAL'}]}, electionId=null, setVersion=129, topologyVersion=TopologyVersion{processId=691b73b97a419856054e6b3d, counter=4}, lastWriteDate=Tue Nov 18 11:40:41 GMT 2025, lastUpdateTimeNanos=485277570913000}
2025-11-18T11:40:41.555Z  INFO 31077 --- [living-chatting] [ngodb.net:27017] org.mongodb.driver.cluster               : Monitor thread successfully connected to server with description ServerDescription{address=ac-140jzuw-shard-00-02.excnspj.mongodb.net:27017, type=REPLICA_SET_SECONDARY, cryptd=false, state=CONNECTED, ok=true, minWireVersion=0, maxWireVersion=25, maxDocumentSize=16777216, logicalSessionTimeoutMinutes=30, roundTripTimeNanos=850224308, minRoundTripTimeNanos=0, setName='atlas-wnlseb-shard-0', canonicalAddress=ac-140jzuw-shard-00-02.excnspj.mongodb.net:27017, hosts=[ac-140jzuw-shard-00-00.excnspj.mongodb.net:27017, ac-140jzuw-shard-00-01.excnspj.mongodb.net:27017, ac-140jzuw-shard-00-02.excnspj.mongodb.net:27017], passives=[], arbiters=[], primary='ac-140jzuw-shard-00-01.excnspj.mongodb.net:27017', tagSet=TagSet{[Tag{name='availabilityZone', value='sae1-az2'}, Tag{name='diskState', value='READY'}, Tag{name='nodeType', value='ELECTABLE'}, Tag{name='provider', value='AWS'}, Tag{name='region', value='SA_EAST_1'}, Tag{name='workloadType', value='OPERATIONAL'}]}, electionId=null, setVersion=129, topologyVersion=TopologyVersion{processId=691b795718e33a8cdc207260, counter=3}, lastWriteDate=Tue Nov 18 11:40:41 GMT 2025, lastUpdateTimeNanos=485277570988384}
2025-11-18T11:40:41.569Z  INFO 31077 --- [living-chatting] [ngodb.net:27017] org.mongodb.driver.cluster               : Discovered replica set primary ac-140jzuw-shard-00-01.excnspj.mongodb.net:27017 with max election id 7fffffff0000000000000137 and max set version 129
2025-11-18T11:40:42.291Z  INFO 31077 --- [living-chatting] [           main] o.s.b.a.w.s.WelcomePageHandlerMapping    : Adding welcome page: class path resource [static/index.html]
2025-11-18T11:40:43.196Z  INFO 31077 --- [living-chatting] [           main] o.s.m.s.b.SimpleBrokerMessageHandler     : Starting...
2025-11-18T11:40:43.201Z  INFO 31077 --- [living-chatting] [           main] o.s.m.s.b.SimpleBrokerMessageHandler     : BrokerAvailabilityEvent[available=true, SimpleBrokerMessageHandler [org.springframework.messaging.simp.broker.DefaultSubscriptionRegistry@2336cd91]]
2025-11-18T11:40:43.202Z  INFO 31077 --- [living-chatting] [           main] o.s.m.s.b.SimpleBrokerMessageHandler     : Started.
2025-11-18T11:40:43.223Z  INFO 31077 --- [living-chatting] [           main] c.d.l.LivingChattingApplicationTests     : Started LivingChattingApplicationTests in 7.917 seconds (process running for 10.875)
]]></system-out>
    <system-err><![CDATA[Mockito is currently self-attaching to enable the inline-mock-maker. This will no longer work in future releases of the JDK. Please add Mockito as an agent to your build as described in Mockito's documentation: https://javadoc.io/doc/org.mockito/mockito-core/latest/org.mockito/org/mockito/Mockito.html#0.3
WARNING: A Java agent has been loaded dynamically (/data/data/com.termux/files/home/.m2/repository/net/bytebuddy/byte-buddy-agent/1.17.7/byte-buddy-agent-1.17.7.jar)
WARNING: If a serviceability tool is in use, please run with -XX:+EnableDynamicAgentLoading to hide this warning
WARNING: If a serviceability tool is not in use, please run with -Djdk.instrument.traceUsage for more information
WARNING: Dynamic loading of agents will be disallowed by default in a future release
]]></system-err>
  </testcase>
</testsuite>